d:\spg\gameengine\gameengine\debug\vc140.pdb
d:\spg\gameengine\gameengine\debug\vc140.idb
d:\spg\gameengine\gameengine\debug\t1manager.obj
d:\spg\gameengine\gameengine\debug\vertexbuffersegment.obj
d:\spg\gameengine\gameengine\debug\vertexbuffertree.obj
d:\spg\gameengine\gameengine\debug\vertexdatastorage.obj
d:\spg\gameengine\gameengine\debug\modelloader.obj
d:\spg\gameengine\gameengine\debug\modelmanager.obj
d:\spg\gameengine\gameengine\debug\mouse.obj
d:\spg\gameengine\gameengine\debug\playercamera.obj
d:\spg\gameengine\gameengine\debug\shaderformat.obj
d:\spg\gameengine\gameengine\debug\shaderloader.obj
d:\spg\gameengine\gameengine\debug\shadermanager.obj
d:\spg\gameengine\gameengine\debug\storagemanager.obj
d:\spg\gameengine\gameengine\debug\texturedatastorage.obj
d:\spg\gameengine\gameengine\debug\textureformat.obj
d:\spg\gameengine\gameengine\debug\textureloader.obj
d:\spg\gameengine\gameengine\debug\userinteractionmanager.obj
d:\spg\gameengine\gameengine\debug\vertexformat.obj
d:\spg\gameengine\gameengine\debug\vertexbuffer.obj
d:\spg\gameengine\gameengine\debug\window.obj
d:\spg\gameengine\gameengine\debug\windowmanager.obj
d:\spg\gameengine\gameengine\debug\framemanager.obj
d:\spg\gameengine\gameengine\debug\glew_init.obj
d:\spg\gameengine\gameengine\debug\glfw_init.obj
d:\spg\gameengine\gameengine\debug\indexbuffer.obj
d:\spg\gameengine\gameengine\debug\indexbuffersegment.obj
d:\spg\gameengine\gameengine\debug\drawindirectcommandbuffer.obj
d:\spg\gameengine\gameengine\debug\drawindirectcommandbuffertree.obj
d:\spg\gameengine\gameengine\debug\keyboard.obj
d:\spg\gameengine\gameengine\debug\light.obj
d:\spg\gameengine\gameengine\debug\lightproperties.obj
d:\spg\gameengine\gameengine\debug\mainloop.obj
d:\spg\gameengine\gameengine\debug\meshformat.obj
d:\spg\gameengine\gameengine\debug\drawmanager.obj
d:\spg\gameengine\gameengine\debug\modelformat.obj
d:\spg\gameengine\gameengine\debug\modelpropertybuffer.obj
d:\spg\gameengine\gameengine\debug\modelpropertybuffersegment.obj
d:\spg\gameengine\gameengine\debug\operations.obj
d:\spg\gameengine\gameengine\debug\pointpickinglistener.obj
d:\spg\gameengine\gameengine\debug\propertydatastorage.obj
d:\spg\gameengine\gameengine\debug\array2dtexturebuffertree.obj
d:\spg\gameengine\gameengine\debug\main.obj
d:\spg\gameengine\gameengine\debug\array2dsquaretexturebuffer.obj
d:\spg\gameengine\gameengine\debug\curvesandsurfaces.obj
d:\spg\gameengine\gameengine\debug\draganddroplistener.obj
d:\spg\gameengine\gameengine\debug\frustumformat.obj
d:\spg\gameengine\gameengine\debug\indexbuffertree.obj
d:\spg\gameengine\gameengine\debug\drawindirectcommandbuffersegment.obj
d:\spg\gameengine\gameengine\debug\cameraformat.obj
d:\spg\gameengine\gameengine\debug\cameramanager.obj
d:\spg\gameengine\gameengine\debug\camerarotation.obj
d:\spg\gameengine\gameengine\debug\cameratranslation.obj
d:\spg\gameengine\gameengine\debug\frameformat.obj
d:\spg\gameengine\debug\gameengine.ilk
d:\spg\gameengine\debug\gameengine.exe
d:\spg\gameengine\debug\gameengine.pdb
d:\spg\gameengine\gameengine\debug\gameengine.tlog\cl.command.1.tlog
d:\spg\gameengine\gameengine\debug\gameengine.tlog\cl.read.1.tlog
d:\spg\gameengine\gameengine\debug\gameengine.tlog\cl.write.1.tlog
d:\spg\gameengine\gameengine\debug\gameengine.tlog\link.command.1.tlog
d:\spg\gameengine\gameengine\debug\gameengine.tlog\link.read.1.tlog
d:\spg\gameengine\gameengine\debug\gameengine.tlog\link.write.1.tlog
